Build started 10/8/2016 2:49:43 PM.
     1>Project "C:\Lawrence\Stuff\cisp360\hw6\9.12\9.12\9.12.vcxproj" on node 2 (Build target(s)).
     1>ClCompile:
         C:\Program Files (x86)\Microsoft Visual Studio 12.0\VC\bin\CL.exe /c /ZI /nologo /W3 /WX- /Od /Oy- /D WIN32 /D _DEBUG /D _CONSOLE /D _LIB /D _UNICODE /D UNICODE /Gm /EHsc /RTC1 /MDd /GS /fp:precise /Zc:wchar_t /Zc:forScope /Fo"Debug\\" /Fd"Debug\vc120.pdb" /Gd /TP /analyze- /errorReport:prompt 9.12.cpp
         9.12.cpp
     1>c:\lawrence\stuff\cisp360\hw6\9.12\9.12\9.12.cpp(15): warning C4244: '=' : conversion from 'int' to 'float', possible loss of data
     1>c:\lawrence\stuff\cisp360\hw6\9.12\9.12\9.12.cpp(24): warning C4244: '=' : conversion from 'int' to 'float', possible loss of data
     1>c:\lawrence\stuff\cisp360\hw6\9.12\9.12\9.12.cpp(39): error C2440: 'type cast' : cannot convert from 'const char [10]' to 'float'
                 There is no context in which this conversion is possible
     1>Done Building Project "C:\Lawrence\Stuff\cisp360\hw6\9.12\9.12\9.12.vcxproj" (Build target(s)) -- FAILED.

Build FAILED.

Time Elapsed 00:00:00.16
